<?xml version="1.0" encoding="UTF-8"?>
<testng-results skipped="0" failed="0" ignored="0" total="1" passed="1">
  <reporter-output>
  </reporter-output>
  <suite name="Suite" duration-ms="10847" started-at="2021-11-06T13:14:50 IST" finished-at="2021-11-06T13:15:01 IST">
    <groups>
      <group name="cucumber">
        <method signature="AbstractTestNGCucumberTests.feature(cucumber.api.testng.CucumberFeatureWrapper)[pri:0, instance:cucumber.Runner.TestRunner@6acdbdf5]" name="feature" class="cucumber.api.testng.AbstractTestNGCucumberTests"/>
      </group> <!-- cucumber -->
    </groups>
    <test name="Test" duration-ms="10847" started-at="2021-11-06T13:14:50 IST" finished-at="2021-11-06T13:15:01 IST">
      <class name="cucumber.Runner.TestRunner">
        <test-method status="PASS" signature="setUpClass()[pri:0, instance:cucumber.Runner.TestRunner@6acdbdf5]" name="setUpClass" is-config="true" duration-ms="353" started-at="2021-11-06T13:14:50 IST" finished-at="2021-11-06T13:14:51 IST">
          <reporter-output>
          </reporter-output>
        </test-method> <!-- setUpClass -->
        <test-method status="PASS" signature="feature(cucumber.api.testng.CucumberFeatureWrapper)[pri:0, instance:cucumber.Runner.TestRunner@6acdbdf5]" name="feature" duration-ms="9740" started-at="2021-11-06T13:14:51 IST" description="Runs Cucumber Feature" data-provider="features" finished-at="2021-11-06T13:15:01 IST">
          <params>
            <param index="0">
              <value>
                <![CDATA[Create User Feature]]>
              </value>
            </param>
          </params>
          <reporter-output>
          </reporter-output>
        </test-method> <!-- feature -->
        <test-method status="PASS" signature="tearDownClass()[pri:0, instance:cucumber.Runner.TestRunner@6acdbdf5]" name="tearDownClass" is-config="true" duration-ms="535" started-at="2021-11-06T13:15:01 IST" finished-at="2021-11-06T13:15:01 IST">
          <reporter-output>
          </reporter-output>
        </test-method> <!-- tearDownClass -->
      </class> <!-- cucumber.Runner.TestRunner -->
    </test> <!-- Test -->
  </suite> <!-- Suite -->
</testng-results>
