<?xml version="1.0" encoding="UTF-8"?>
<testsuite xmlns:xsi="http://www.w3.org/2001/XMLSchema-instance" xsi:noNamespaceSchemaLocation="https://maven.apache.org/surefire/maven-surefire-plugin/xsd/surefire-test-report-3.0.xsd" version="3.0" name="TestSuite" time="11.804" tests="1" errors="0" skipped="0" failures="0">
  <properties>
[...]
</properties>
  <testcase name="feature[Create User Feature](1)" classname="cucumber.Runner.TestRunner" time="9.762">
    <system-out><![CDATA[Test Started
{"name":"Jack","job":"Captain"}
Actual: Jack
Expected: Jack
Actual: Captain
Expected: Captain
Actual: 276
Test completed
Test Started
{"name":"John","job":"Sailor"}
Actual: John
Expected: John
Actual: Sailor
Expected: Sailor
Actual: 939
Test completed
Test Started
{"name":"Mark","job":"MasterChief"}
Actual: Mark
Expected: Mark
Actual: MasterChief
Expected: MasterChief
Actual: 205
Test completed
Test Started
{"name":"James","job":"Architect"}
Actual: James
Expected: James
Actual: Architect
Expected: Architect
Actual: 535
Test completed
]]></system-out>
  </testcase>
</testsuite>