<?xml version="1.0" encoding="UTF-8"?>
<testng-results skipped="0" failed="1" total="6" passed="5">
  <reporter-output>
  </reporter-output>
  <suite name="Default suite" duration-ms="24563" started-at="2021-10-26T12:09:08Z" finished-at="2021-10-26T12:09:33Z">
    <groups>
      <group name="cucumber">
        <method signature="AbstractTestNGCucumberTests.feature(cucumber.api.testng.CucumberFeatureWrapper)[pri:0, instance:cucumber.Runner.TestRunner@77cd7a0]" name="feature" class="cucumber.api.testng.AbstractTestNGCucumberTests"/>
      </group> <!-- cucumber -->
    </groups>
    <test name="Default test" duration-ms="24563" started-at="2021-10-26T12:09:08Z" finished-at="2021-10-26T12:09:33Z">
      <class name="cucumber.Runner.TestRunner">
        <test-method status="PASS" signature="setUpClass()[pri:0, instance:cucumber.Runner.TestRunner@77cd7a0]" name="setUpClass" is-config="true" duration-ms="352" started-at="2021-10-26T17:39:08Z" finished-at="2021-10-26T17:39:08Z">
          <reporter-output>
          </reporter-output>
        </test-method> <!-- setUpClass -->
        <test-method status="PASS" signature="feature(cucumber.api.testng.CucumberFeatureWrapper)[pri:0, instance:cucumber.Runner.TestRunner@77cd7a0]" name="feature" duration-ms="9361" started-at="2021-10-26T17:39:09Z" description="Runs Cucumber Feature" data-provider="features" finished-at="2021-10-26T17:39:18Z">
          <params>
            <param index="0">
              <value>
                <![CDATA[Create User Feature]]>
              </value>
            </param>
          </params>
          <reporter-output>
          </reporter-output>
        </test-method> <!-- feature -->
        <test-method status="PASS" signature="feature(cucumber.api.testng.CucumberFeatureWrapper)[pri:0, instance:cucumber.Runner.TestRunner@77cd7a0]" name="feature" duration-ms="2319" started-at="2021-10-26T17:39:18Z" description="Runs Cucumber Feature" data-provider="features" finished-at="2021-10-26T17:39:20Z">
          <params>
            <param index="0">
              <value>
                <![CDATA[Patch user data]]>
              </value>
            </param>
          </params>
          <reporter-output>
          </reporter-output>
        </test-method> <!-- feature -->
        <test-method status="PASS" signature="feature(cucumber.api.testng.CucumberFeatureWrapper)[pri:0, instance:cucumber.Runner.TestRunner@77cd7a0]" name="feature" duration-ms="3777" started-at="2021-10-26T17:39:20Z" description="Runs Cucumber Feature" data-provider="features" finished-at="2021-10-26T17:39:24Z">
          <params>
            <param index="0">
              <value>
                <![CDATA[Register Feature]]>
              </value>
            </param>
          </params>
          <reporter-output>
          </reporter-output>
        </test-method> <!-- feature -->
        <test-method status="FAIL" signature="feature(cucumber.api.testng.CucumberFeatureWrapper)[pri:0, instance:cucumber.Runner.TestRunner@77cd7a0]" name="feature" duration-ms="3270" started-at="2021-10-26T17:39:24Z" description="Runs Cucumber Feature" data-provider="features" finished-at="2021-10-26T17:39:27Z">
          <params>
            <param index="0">
              <value>
                <![CDATA[Search User Feature]]>
              </value>
            </param>
          </params>
          <exception class="cucumber.runtime.CucumberException">
            <message>
              <![CDATA[java.lang.AssertionError: Value is invalid expected [true] but found [false]]]>
            </message>
            <full-stacktrace>
              <![CDATA[cucumber.runtime.CucumberException: java.lang.AssertionError: Value is invalid expected [true] but found [false]
	at cucumber.api.testng.TestNGCucumberRunner.runCucumber(TestNGCucumberRunner.java:69)
	at cucumber.api.testng.AbstractTestNGCucumberTests.feature(AbstractTestNGCucumberTests.java:21)
	at sun.reflect.NativeMethodAccessorImpl.invoke0(Native Method)
	at sun.reflect.NativeMethodAccessorImpl.invoke(NativeMethodAccessorImpl.java:62)
	at sun.reflect.DelegatingMethodAccessorImpl.invoke(DelegatingMethodAccessorImpl.java:43)
	at java.lang.reflect.Method.invoke(Method.java:498)
	at org.testng.internal.MethodInvocationHelper.invokeMethod(MethodInvocationHelper.java:100)
	at org.testng.internal.Invoker.invokeMethod(Invoker.java:646)
	at org.testng.internal.Invoker.invokeTestMethod(Invoker.java:811)
	at org.testng.internal.Invoker.invokeTestMethods(Invoker.java:1137)
	at org.testng.internal.TestMethodWorker.invokeTestMethods(TestMethodWorker.java:129)
	at org.testng.internal.TestMethodWorker.run(TestMethodWorker.java:112)
	at org.testng.TestRunner.privateRun(TestRunner.java:753)
	at org.testng.TestRunner.run(TestRunner.java:607)
	at org.testng.SuiteRunner.runTest(SuiteRunner.java:368)
	at org.testng.SuiteRunner.runSequentially(SuiteRunner.java:363)
	at org.testng.SuiteRunner.privateRun(SuiteRunner.java:321)
	at org.testng.SuiteRunner.run(SuiteRunner.java:270)
	at org.testng.SuiteRunnerWorker.runSuite(SuiteRunnerWorker.java:52)
	at org.testng.SuiteRunnerWorker.run(SuiteRunnerWorker.java:86)
	at org.testng.TestNG.runSuitesSequentially(TestNG.java:1284)
	at org.testng.TestNG.runSuitesLocally(TestNG.java:1209)
	at org.testng.TestNG.runSuites(TestNG.java:1124)
	at org.testng.TestNG.run(TestNG.java:1096)
	at org.testng.remote.AbstractRemoteTestNG.run(AbstractRemoteTestNG.java:132)
	at org.testng.remote.RemoteTestNG.initAndRun(RemoteTestNG.java:236)
	at org.testng.remote.RemoteTestNG.main(RemoteTestNG.java:81)
Caused by: java.lang.AssertionError: Value is invalid expected [true] but found [false]
	at org.testng.Assert.fail(Assert.java:94)
	at org.testng.Assert.failNotEquals(Assert.java:513)
	at org.testng.Assert.assertTrue(Assert.java:42)
	at utilities.GenericUtility.assertResultisPositive(GenericUtility.java:67)
	at stepDefinitions.SearchUserStepDefinition.validate_that_the_response_is_valid_and_and_is_searched_successfully(SearchUserStepDefinition.java:27)
	at ✽.Then Validate that the response is valid and "18" and "tobias.funke@reqres.in$Tobias$Funke$https://reqres.in/img/faces/9-image.jpg$https://reqres.in/#support-heading$To keep ReqRes free, contributions towards server costs are appreciated!" is searched successfully(SearchUser.feature:8)
]]>
            </full-stacktrace>
          </exception> <!-- cucumber.runtime.CucumberException -->
          <reporter-output>
          </reporter-output>
        </test-method> <!-- feature -->
        <test-method status="PASS" signature="feature(cucumber.api.testng.CucumberFeatureWrapper)[pri:0, instance:cucumber.Runner.TestRunner@77cd7a0]" name="feature" duration-ms="1924" started-at="2021-10-26T17:39:27Z" description="Runs Cucumber Feature" data-provider="features" finished-at="2021-10-26T17:39:29Z">
          <params>
            <param index="0">
              <value>
                <![CDATA[Update User Feature]]>
              </value>
            </param>
          </params>
          <reporter-output>
          </reporter-output>
        </test-method> <!-- feature -->
        <test-method status="PASS" signature="feature(cucumber.api.testng.CucumberFeatureWrapper)[pri:0, instance:cucumber.Runner.TestRunner@77cd7a0]" name="feature" duration-ms="2828" started-at="2021-10-26T17:39:29Z" description="Runs Cucumber Feature" data-provider="features" finished-at="2021-10-26T17:39:32Z">
          <params>
            <param index="0">
              <value>
                <![CDATA[Login Feature]]>
              </value>
            </param>
          </params>
          <reporter-output>
          </reporter-output>
        </test-method> <!-- feature -->
        <test-method status="PASS" signature="tearDownClass()[pri:0, instance:cucumber.Runner.TestRunner@77cd7a0]" name="tearDownClass" is-config="true" duration-ms="525" started-at="2021-10-26T17:39:32Z" finished-at="2021-10-26T17:39:33Z">
          <reporter-output>
          </reporter-output>
        </test-method> <!-- tearDownClass -->
      </class> <!-- cucumber.Runner.TestRunner -->
    </test> <!-- Default test -->
  </suite> <!-- Default suite -->
</testng-results>
